{"/mnt/storage/Software-Projects/wallet-app/src/api/client.ts": {"path":"/mnt/storage/Software-Projects/wallet-app/src/api/client.ts","statementMap":{"0":{"start":{"line":3,"column":12},"end":{"line":6,"column":2}},"1":{"start":{"line":8,"column":0},"end":{"line":14,"column":null}},"2":{"start":{"line":9,"column":16},"end":{"line":9,"column":47}},"3":{"start":{"line":10,"column":2},"end":{"line":11,"column":null}},"4":{"start":{"line":11,"column":4},"end":{"line":11,"column":null}},"5":{"start":{"line":13,"column":2},"end":{"line":13,"column":null}},"6":{"start":{"line":16,"column":0},"end":{"line":25,"column":null}},"7":{"start":{"line":17,"column":11},"end":{"line":17,"column":null}},"8":{"start":{"line":19,"column":4},"end":{"line":21,"column":null}},"9":{"start":{"line":20,"column":6},"end":{"line":20,"column":null}},"10":{"start":{"line":21,"column":6},"end":{"line":21,"column":null}},"11":{"start":{"line":23,"column":4},"end":{"line":23,"column":null}}},"fnMap":{"0":{"name":"(anonymous_0)","decl":{"start":{"line":8,"column":25},"end":{"line":8,"column":30}},"loc":{"start":{"line":8,"column":41},"end":{"line":14,"column":null}},"line":8},"1":{"name":"(anonymous_1)","decl":{"start":{"line":16,"column":26},"end":{"line":16,"column":null}},"loc":{"start":{"line":17,"column":11},"end":{"line":17,"column":null}},"line":17},"2":{"name":"(anonymous_2)","decl":{"start":{"line":17,"column":11},"end":{"line":17,"column":null}},"loc":{"start":{"line":18,"column":11},"end":{"line":25,"column":null}},"line":18}},"branchMap":{"0":{"loc":{"start":{"line":10,"column":2},"end":{"line":11,"column":null}},"type":"if","locations":[{"start":{"line":10,"column":2},"end":{"line":11,"column":null}},{"start":{},"end":{}}],"line":10},"1":{"loc":{"start":{"line":19,"column":4},"end":{"line":21,"column":null}},"type":"if","locations":[{"start":{"line":19,"column":4},"end":{"line":21,"column":null}},{"start":{},"end":{}}],"line":19},"2":{"loc":{"start":{"line":19,"column":8},"end":{"line":19,"column":70}},"type":"binary-expr","locations":[{"start":{"line":19,"column":8},"end":{"line":19,"column":40}},{"start":{"line":19,"column":40},"end":{"line":19,"column":70}}],"line":19}},"s":{"0":7,"1":7,"2":18,"3":18,"4":15,"5":18,"6":7,"7":15,"8":3,"9":2,"10":2,"11":3},"f":{"0":18,"1":15,"2":3},"b":{"0":[15,3],"1":[2,1],"2":[3,1]},"meta":{"lastBranch":3,"lastFunction":3,"lastStatement":12,"seen":{"s:3:12:6:2":0,"s:8:0:14:Infinity":1,"f:8:25:8:30":0,"s:9:16:9:47":2,"b:10:2:11:Infinity:undefined:undefined:undefined:undefined":0,"s:10:2:11:Infinity":3,"s:11:4:11:Infinity":4,"s:13:2:13:Infinity":5,"s:16:0:25:Infinity":6,"f:16:26:16:Infinity":1,"s:17:11:17:Infinity":7,"f:17:11:17:Infinity":2,"b:19:4:21:Infinity:undefined:undefined:undefined:undefined":1,"s:19:4:21:Infinity":8,"b:19:8:19:40:19:40:19:70":2,"s:20:6:20:Infinity":9,"s:21:6:21:Infinity":10,"s:23:4:23:Infinity":11}}}
,"/mnt/storage/Software-Projects/wallet-app/src/api/wallet.ts": {"path":"/mnt/storage/Software-Projects/wallet-app/src/api/wallet.ts","statementMap":{"0":{"start":{"line":4,"column":23},"end":{"line":10,"column":null}},"1":{"start":{"line":6,"column":4},"end":{"line":6,"column":75}},"2":{"start":{"line":9,"column":4},"end":{"line":9,"column":null}},"3":{"start":{"line":12,"column":25},"end":{"line":29,"column":null}},"4":{"start":{"line":13,"column":19},"end":{"line":13,"column":62}},"5":{"start":{"line":16,"column":4},"end":{"line":16,"column":85}},"6":{"start":{"line":19,"column":4},"end":{"line":19,"column":91}},"7":{"start":{"line":22,"column":4},"end":{"line":22,"column":120}},"8":{"start":{"line":25,"column":4},"end":{"line":25,"column":97}},"9":{"start":{"line":28,"column":4},"end":{"line":28,"column":null}}},"fnMap":{"0":{"name":"(anonymous_0)","decl":{"start":{"line":5,"column":2},"end":{"line":5,"column":10}},"loc":{"start":{"line":6,"column":4},"end":{"line":6,"column":75}},"line":6},"1":{"name":"(anonymous_1)","decl":{"start":{"line":8,"column":2},"end":{"line":8,"column":13}},"loc":{"start":{"line":9,"column":4},"end":{"line":9,"column":null}},"line":9},"2":{"name":"(anonymous_2)","decl":{"start":{"line":13,"column":2},"end":{"line":13,"column":19}},"loc":{"start":{"line":13,"column":19},"end":{"line":13,"column":62}},"line":13},"3":{"name":"(anonymous_3)","decl":{"start":{"line":15,"column":2},"end":{"line":15,"column":12}},"loc":{"start":{"line":16,"column":4},"end":{"line":16,"column":85}},"line":16},"4":{"name":"(anonymous_4)","decl":{"start":{"line":18,"column":2},"end":{"line":18,"column":13}},"loc":{"start":{"line":19,"column":4},"end":{"line":19,"column":91}},"line":19},"5":{"name":"(anonymous_5)","decl":{"start":{"line":21,"column":2},"end":{"line":21,"column":13}},"loc":{"start":{"line":22,"column":4},"end":{"line":22,"column":120}},"line":22},"6":{"name":"(anonymous_6)","decl":{"start":{"line":24,"column":2},"end":{"line":24,"column":20}},"loc":{"start":{"line":25,"column":4},"end":{"line":25,"column":97}},"line":25},"7":{"name":"(anonymous_7)","decl":{"start":{"line":27,"column":2},"end":{"line":27,"column":19}},"loc":{"start":{"line":28,"column":4},"end":{"line":28,"column":null}},"line":28}},"branchMap":{"0":{"loc":{"start":{"line":24,"column":20},"end":{"line":24,"column":30}},"type":"default-arg","locations":[{"start":{"line":24,"column":27},"end":{"line":24,"column":30}}],"line":24},"1":{"loc":{"start":{"line":24,"column":30},"end":{"line":24,"column":null}},"type":"default-arg","locations":[{"start":{"line":24,"column":37},"end":{"line":24,"column":null}}],"line":24}},"s":{"0":7,"1":4,"2":0,"3":7,"4":5,"5":1,"6":1,"7":2,"8":5,"9":0},"f":{"0":4,"1":0,"2":5,"3":1,"4":1,"5":2,"6":5,"7":0},"b":{"0":[5],"1":[5]},"meta":{"lastBranch":2,"lastFunction":8,"lastStatement":10,"seen":{"s:4:23:10:Infinity":0,"f:5:2:5:10":0,"s:6:4:6:75":1,"f:8:2:8:13":1,"s:9:4:9:Infinity":2,"s:12:25:29:Infinity":3,"f:13:2:13:19":2,"s:13:19:13:62":4,"f:15:2:15:12":3,"s:16:4:16:85":5,"f:18:2:18:13":4,"s:19:4:19:91":6,"f:21:2:21:13":5,"s:22:4:22:120":7,"f:24:2:24:20":6,"s:25:4:25:97":8,"b:24:27:24:30":0,"b:24:37:24:Infinity":1,"f:27:2:27:19":7,"s:28:4:28:Infinity":9}}}
,"/mnt/storage/Software-Projects/wallet-app/src/components/PinPad.tsx": {"path":"/mnt/storage/Software-Projects/wallet-app/src/components/PinPad.tsx","statementMap":{"0":{"start":{"line":12,"column":14},"end":{"line":12,"column":36}},"1":{"start":{"line":14,"column":8},"end":{"line":19,"column":null}},"2":{"start":{"line":15,"column":4},"end":{"line":19,"column":null}},"3":{"start":{"line":16,"column":19},"end":{"line":16,"column":null}},"4":{"start":{"line":17,"column":6},"end":{"line":17,"column":null}},"5":{"start":{"line":18,"column":6},"end":{"line":19,"column":null}},"6":{"start":{"line":19,"column":8},"end":{"line":19,"column":null}},"7":{"start":{"line":24,"column":8},"end":{"line":24,"column":56}},"8":{"start":{"line":24,"column":29},"end":{"line":24,"column":56}},"9":{"start":{"line":24,"column":41},"end":{"line":24,"column":55}},"10":{"start":{"line":26,"column":2},"end":{"line":56,"column":null}},"11":{"start":{"line":33,"column":12},"end":{"line":33,"column":null}},"12":{"start":{"line":42,"column":14},"end":{"line":45,"column":null}},"13":{"start":{"line":42,"column":45},"end":{"line":42,"column":59}},"14":{"start":{"line":48,"column":35},"end":{"line":48,"column":51}}},"fnMap":{"0":{"name":"PinPad","decl":{"start":{"line":11,"column":16},"end":{"line":11,"column":23}},"loc":{"start":{"line":11,"column":78},"end":{"line":56,"column":null}},"line":11},"1":{"name":"(anonymous_1)","decl":{"start":{"line":14,"column":8},"end":{"line":14,"column":23}},"loc":{"start":{"line":14,"column":41},"end":{"line":19,"column":null}},"line":14},"2":{"name":"(anonymous_2)","decl":{"start":{"line":24,"column":8},"end":{"line":24,"column":29}},"loc":{"start":{"line":24,"column":29},"end":{"line":24,"column":56}},"line":24},"3":{"name":"(anonymous_3)","decl":{"start":{"line":24,"column":29},"end":{"line":24,"column":36}},"loc":{"start":{"line":24,"column":41},"end":{"line":24,"column":55}},"line":24},"4":{"name":"(anonymous_4)","decl":{"start":{"line":32,"column":24},"end":{"line":32,"column":28}},"loc":{"start":{"line":33,"column":12},"end":{"line":33,"column":null}},"line":33},"5":{"name":"(anonymous_5)","decl":{"start":{"line":41,"column":51},"end":{"line":41,"column":55}},"loc":{"start":{"line":42,"column":14},"end":{"line":45,"column":null}},"line":42},"6":{"name":"(anonymous_6)","decl":{"start":{"line":42,"column":30},"end":{"line":42,"column":45}},"loc":{"start":{"line":42,"column":45},"end":{"line":42,"column":59}},"line":42},"7":{"name":"(anonymous_7)","decl":{"start":{"line":48,"column":20},"end":{"line":48,"column":35}},"loc":{"start":{"line":48,"column":35},"end":{"line":48,"column":51}},"line":48}},"branchMap":{"0":{"loc":{"start":{"line":15,"column":4},"end":{"line":19,"column":null}},"type":"if","locations":[{"start":{"line":15,"column":4},"end":{"line":19,"column":null}},{"start":{},"end":{}}],"line":15},"1":{"loc":{"start":{"line":18,"column":6},"end":{"line":19,"column":null}},"type":"if","locations":[{"start":{"line":18,"column":6},"end":{"line":19,"column":null}},{"start":{},"end":{}}],"line":18},"2":{"loc":{"start":{"line":33,"column":78},"end":{"line":33,"column":132}},"type":"cond-expr","locations":[{"start":{"line":33,"column":95},"end":{"line":33,"column":113}},{"start":{"line":33,"column":113},"end":{"line":33,"column":132}}],"line":33},"3":{"loc":{"start":{"line":37,"column":9},"end":{"line":52,"column":null}},"type":"cond-expr","locations":[{"start":{"line":38,"column":10},"end":{"line":40,"column":11}},{"start":{"line":40,"column":10},"end":{"line":52,"column":null}}],"line":37}},"s":{"0":34,"1":34,"2":24,"3":22,"4":22,"5":22,"6":5,"7":34,"8":1,"9":1,"10":34,"11":136,"12":297,"13":24,"14":0},"f":{"0":34,"1":24,"2":1,"3":1,"4":136,"5":297,"6":24,"7":0},"b":{"0":[22,2],"1":[5,17],"2":[54,82],"3":[1,33]},"meta":{"lastBranch":4,"lastFunction":8,"lastStatement":15,"seen":{"f:11:16:11:23":0,"s:12:14:12:36":0,"s:14:8:19:Infinity":1,"f:14:8:14:23":1,"b:15:4:19:Infinity:undefined:undefined:undefined:undefined":0,"s:15:4:19:Infinity":2,"s:16:19:16:Infinity":3,"s:17:6:17:Infinity":4,"b:18:6:19:Infinity:undefined:undefined:undefined:undefined":1,"s:18:6:19:Infinity":5,"s:19:8:19:Infinity":6,"s:24:8:24:56":7,"f:24:8:24:29":2,"s:24:29:24:56":8,"f:24:29:24:36":3,"s:24:41:24:55":9,"s:26:2:56:Infinity":10,"f:32:24:32:28":4,"s:33:12:33:Infinity":11,"b:33:95:33:113:33:113:33:132":2,"b:38:10:40:11:40:10:52:Infinity":3,"f:41:51:41:55":5,"s:42:14:45:Infinity":12,"f:42:30:42:45":6,"s:42:45:42:59":13,"f:48:20:48:35":7,"s:48:35:48:51":14}}}
,"/mnt/storage/Software-Projects/wallet-app/src/context/AuthContext.tsx": {"path":"/mnt/storage/Software-Projects/wallet-app/src/context/AuthContext.tsx","statementMap":{"0":{"start":{"line":14,"column":6},"end":{"line":14,"column":63}},"1":{"start":{"line":17,"column":16},"end":{"line":21,"column":5}},"2":{"start":{"line":17,"column":55},"end":{"line":21,"column":5}},"3":{"start":{"line":23,"column":8},"end":{"line":28,"column":8}},"4":{"start":{"line":24,"column":4},"end":{"line":24,"column":null}},"5":{"start":{"line":25,"column":4},"end":{"line":25,"column":null}},"6":{"start":{"line":26,"column":4},"end":{"line":26,"column":null}},"7":{"start":{"line":27,"column":4},"end":{"line":27,"column":null}},"8":{"start":{"line":30,"column":8},"end":{"line":33,"column":8}},"9":{"start":{"line":31,"column":4},"end":{"line":31,"column":null}},"10":{"start":{"line":32,"column":4},"end":{"line":32,"column":null}},"11":{"start":{"line":35,"column":2},"end":{"line":38,"column":null}},"12":{"start":{"line":43,"column":8},"end":{"line":43,"column":37}},"13":{"start":{"line":44,"column":2},"end":{"line":44,"column":null}},"14":{"start":{"line":44,"column":12},"end":{"line":44,"column":null}},"15":{"start":{"line":45,"column":2},"end":{"line":45,"column":null}}},"fnMap":{"0":{"name":"AuthProvider","decl":{"start":{"line":16,"column":16},"end":{"line":16,"column":29}},"loc":{"start":{"line":16,"column":68},"end":{"line":38,"column":null}},"line":16},"1":{"name":"(anonymous_1)","decl":{"start":{"line":17,"column":28},"end":{"line":17,"column":55}},"loc":{"start":{"line":17,"column":55},"end":{"line":21,"column":5}},"line":17},"2":{"name":"(anonymous_2)","decl":{"start":{"line":23,"column":16},"end":{"line":23,"column":29}},"loc":{"start":{"line":23,"column":80},"end":{"line":28,"column":7}},"line":23},"3":{"name":"(anonymous_3)","decl":{"start":{"line":30,"column":17},"end":{"line":30,"column":35}},"loc":{"start":{"line":30,"column":35},"end":{"line":33,"column":7}},"line":30},"4":{"name":"useAuth","decl":{"start":{"line":42,"column":16},"end":{"line":42,"column":26}},"loc":{"start":{"line":42,"column":26},"end":{"line":45,"column":null}},"line":42}},"branchMap":{"0":{"loc":{"start":{"line":44,"column":2},"end":{"line":44,"column":null}},"type":"if","locations":[{"start":{"line":44,"column":2},"end":{"line":44,"column":null}},{"start":{},"end":{}}],"line":44}},"s":{"0":7,"1":30,"2":28,"3":30,"4":2,"5":2,"6":2,"7":2,"8":30,"9":1,"10":1,"11":30,"12":101,"13":101,"14":0,"15":101},"f":{"0":30,"1":28,"2":2,"3":1,"4":101},"b":{"0":[0,101]},"meta":{"lastBranch":1,"lastFunction":5,"lastStatement":16,"seen":{"s:14:6:14:63":0,"f:16:16:16:29":0,"s:17:16:21:5":1,"f:17:28:17:55":1,"s:17:55:21:5":2,"s:23:8:28:8":3,"f:23:16:23:29":2,"s:24:4:24:Infinity":4,"s:25:4:25:Infinity":5,"s:26:4:26:Infinity":6,"s:27:4:27:Infinity":7,"s:30:8:33:8":8,"f:30:17:30:35":3,"s:31:4:31:Infinity":9,"s:32:4:32:Infinity":10,"s:35:2:38:Infinity":11,"f:42:16:42:26":4,"s:43:8:43:37":12,"b:44:2:44:Infinity:undefined:undefined:undefined:undefined":0,"s:44:2:44:Infinity":13,"s:44:12:44:Infinity":14,"s:45:2:45:Infinity":15}}}
,"/mnt/storage/Software-Projects/wallet-app/src/pages/DepositPage.tsx": {"path":"/mnt/storage/Software-Projects/wallet-app/src/pages/DepositPage.tsx","statementMap":{"0":{"start":{"line":9,"column":8},"end":{"line":9,"column":32}},"1":{"start":{"line":10,"column":8},"end":{"line":10,"column":38}},"2":{"start":{"line":11,"column":17},"end":{"line":11,"column":42}},"3":{"start":{"line":12,"column":15},"end":{"line":12,"column":41}},"4":{"start":{"line":14,"column":8},"end":{"line":21,"column":4}},"5":{"start":{"line":15,"column":22},"end":{"line":15,"column":80}},"6":{"start":{"line":17,"column":6},"end":{"line":17,"column":null}},"7":{"start":{"line":18,"column":6},"end":{"line":18,"column":null}},"8":{"start":{"line":20,"column":27},"end":{"line":20,"column":null}},"9":{"start":{"line":23,"column":8},"end":{"line":23,"column":84}},"10":{"start":{"line":23,"column":29},"end":{"line":23,"column":84}},"11":{"start":{"line":25,"column":2},"end":{"line":33,"column":null}},"12":{"start":{"line":26,"column":4},"end":{"line":33,"column":null}},"13":{"start":{"line":33,"column":31},"end":{"line":33,"column":44}},"14":{"start":{"line":38,"column":2},"end":{"line":56,"column":null}},"15":{"start":{"line":40,"column":29},"end":{"line":40,"column":42}},"16":{"start":{"line":45,"column":57},"end":{"line":45,"column":82}},"17":{"start":{"line":49,"column":10},"end":{"line":50,"column":null}},"18":{"start":{"line":49,"column":41},"end":{"line":49,"column":61}},"19":{"start":{"line":53,"column":29},"end":{"line":53,"column":46}}},"fnMap":{"0":{"name":"DepositPage","decl":{"start":{"line":8,"column":16},"end":{"line":8,"column":30}},"loc":{"start":{"line":8,"column":30},"end":{"line":56,"column":null}},"line":8},"1":{"name":"(anonymous_1)","decl":{"start":{"line":15,"column":4},"end":{"line":15,"column":22}},"loc":{"start":{"line":15,"column":22},"end":{"line":15,"column":80}},"line":15},"2":{"name":"(anonymous_2)","decl":{"start":{"line":16,"column":4},"end":{"line":16,"column":21}},"loc":{"start":{"line":16,"column":21},"end":{"line":18,"column":null}},"line":16},"3":{"name":"(anonymous_3)","decl":{"start":{"line":20,"column":4},"end":{"line":20,"column":14}},"loc":{"start":{"line":20,"column":27},"end":{"line":20,"column":null}},"line":20},"4":{"name":"(anonymous_4)","decl":{"start":{"line":23,"column":8},"end":{"line":23,"column":15}},"loc":{"start":{"line":23,"column":29},"end":{"line":23,"column":84}},"line":23},"5":{"name":"(anonymous_5)","decl":{"start":{"line":33,"column":16},"end":{"line":33,"column":31}},"loc":{"start":{"line":33,"column":31},"end":{"line":33,"column":44}},"line":33},"6":{"name":"(anonymous_6)","decl":{"start":{"line":40,"column":14},"end":{"line":40,"column":29}},"loc":{"start":{"line":40,"column":29},"end":{"line":40,"column":42}},"line":40},"7":{"name":"(anonymous_7)","decl":{"start":{"line":45,"column":42},"end":{"line":45,"column":52}},"loc":{"start":{"line":45,"column":57},"end":{"line":45,"column":82}},"line":45},"8":{"name":"(anonymous_8)","decl":{"start":{"line":48,"column":34},"end":{"line":48,"column":38}},"loc":{"start":{"line":49,"column":10},"end":{"line":50,"column":null}},"line":49},"9":{"name":"(anonymous_9)","decl":{"start":{"line":49,"column":26},"end":{"line":49,"column":41}},"loc":{"start":{"line":49,"column":41},"end":{"line":49,"column":61}},"line":49},"10":{"name":"(anonymous_10)","decl":{"start":{"line":53,"column":14},"end":{"line":53,"column":29}},"loc":{"start":{"line":53,"column":29},"end":{"line":53,"column":46}},"line":53}},"branchMap":{"0":{"loc":{"start":{"line":20,"column":39},"end":{"line":20,"column":null}},"type":"binary-expr","locations":[{"start":{"line":20,"column":39},"end":{"line":20,"column":70}},{"start":{"line":20,"column":70},"end":{"line":20,"column":null}}],"line":20},"1":{"loc":{"start":{"line":25,"column":2},"end":{"line":33,"column":null}},"type":"if","locations":[{"start":{"line":25,"column":2},"end":{"line":33,"column":null}},{"start":{},"end":{}}],"line":25},"2":{"loc":{"start":{"line":53,"column":58},"end":{"line":53,"column":null}},"type":"binary-expr","locations":[{"start":{"line":53,"column":58},"end":{"line":53,"column":69}},{"start":{"line":53,"column":69},"end":{"line":53,"column":95}},{"start":{"line":53,"column":95},"end":{"line":53,"column":null}}],"line":53},"3":{"loc":{"start":{"line":55,"column":9},"end":{"line":55,"column":null}},"type":"cond-expr","locations":[{"start":{"line":55,"column":30},"end":{"line":55,"column":48}},{"start":{"line":55,"column":48},"end":{"line":55,"column":null}}],"line":55}},"s":{"0":8,"1":8,"2":8,"3":8,"4":8,"5":1,"6":1,"7":1,"8":0,"9":8,"10":2,"11":8,"12":2,"13":0,"14":6,"15":0,"16":1,"17":24,"18":2,"19":1},"f":{"0":8,"1":1,"2":1,"3":0,"4":2,"5":0,"6":0,"7":1,"8":24,"9":2,"10":1},"b":{"0":[0,0],"1":[2,6],"2":[6,3,3],"3":[0,6]},"meta":{"lastBranch":4,"lastFunction":11,"lastStatement":20,"seen":{"f:8:16:8:30":0,"s:9:8:9:32":0,"s:10:8:10:38":1,"s:11:17:11:42":2,"s:12:15:12:41":3,"s:14:8:21:4":4,"f:15:4:15:22":1,"s:15:22:15:80":5,"f:16:4:16:21":2,"s:17:6:17:Infinity":6,"s:18:6:18:Infinity":7,"f:20:4:20:14":3,"s:20:27:20:Infinity":8,"b:20:39:20:70:20:70:20:Infinity":0,"s:23:8:23:84":9,"f:23:8:23:15":4,"s:23:29:23:84":10,"b:25:2:33:Infinity:undefined:undefined:undefined:undefined":1,"s:25:2:33:Infinity":11,"s:26:4:33:Infinity":12,"f:33:16:33:31":5,"s:33:31:33:44":13,"s:38:2:56:Infinity":14,"f:40:14:40:29":6,"s:40:29:40:42":15,"f:45:42:45:52":7,"s:45:57:45:82":16,"f:48:34:48:38":8,"s:49:10:50:Infinity":17,"f:49:26:49:41":9,"s:49:41:49:61":18,"f:53:14:53:29":10,"s:53:29:53:46":19,"b:53:58:53:69:53:69:53:95:53:95:53:Infinity":2,"b:55:30:55:48:55:48:55:Infinity":3}}}
,"/mnt/storage/Software-Projects/wallet-app/src/pages/HistoryPage.tsx": {"path":"/mnt/storage/Software-Projects/wallet-app/src/pages/HistoryPage.tsx","statementMap":{"0":{"start":{"line":7,"column":8},"end":{"line":7,"column":32}},"1":{"start":{"line":9,"column":16},"end":{"line":12,"column":4}},"2":{"start":{"line":11,"column":19},"end":{"line":11,"column":null}},"3":{"start":{"line":11,"column":62},"end":{"line":11,"column":null}},"4":{"start":{"line":14,"column":8},"end":{"line":14,"column":84}},"5":{"start":{"line":14,"column":29},"end":{"line":14,"column":84}},"6":{"start":{"line":15,"column":8},"end":{"line":15,"column":125}},"7":{"start":{"line":15,"column":33},"end":{"line":15,"column":125}},"8":{"start":{"line":17,"column":8},"end":{"line":23,"column":null}},"9":{"start":{"line":18,"column":23},"end":{"line":18,"column":null}},"10":{"start":{"line":19,"column":4},"end":{"line":23,"column":null}},"11":{"start":{"line":26,"column":2},"end":{"line":58,"column":null}},"12":{"start":{"line":33,"column":12},"end":{"line":33,"column":null}},"13":{"start":{"line":39,"column":22},"end":{"line":39,"column":35}},"14":{"start":{"line":40,"column":12},"end":{"line":54,"column":null}},"15":{"start":{"line":41,"column":55},"end":{"line":41,"column":90}}},"fnMap":{"0":{"name":"HistoryPage","decl":{"start":{"line":6,"column":16},"end":{"line":6,"column":30}},"loc":{"start":{"line":6,"column":30},"end":{"line":58,"column":null}},"line":6},"1":{"name":"(anonymous_1)","decl":{"start":{"line":11,"column":4},"end":{"line":11,"column":19}},"loc":{"start":{"line":11,"column":19},"end":{"line":11,"column":null}},"line":11},"2":{"name":"(anonymous_2)","decl":{"start":{"line":11,"column":52},"end":{"line":11,"column":57}},"loc":{"start":{"line":11,"column":62},"end":{"line":11,"column":null}},"line":11},"3":{"name":"(anonymous_3)","decl":{"start":{"line":14,"column":8},"end":{"line":14,"column":15}},"loc":{"start":{"line":14,"column":29},"end":{"line":14,"column":84}},"line":14},"4":{"name":"(anonymous_4)","decl":{"start":{"line":15,"column":8},"end":{"line":15,"column":19}},"loc":{"start":{"line":15,"column":33},"end":{"line":15,"column":125}},"line":15},"5":{"name":"(anonymous_5)","decl":{"start":{"line":17,"column":8},"end":{"line":17,"column":22}},"loc":{"start":{"line":17,"column":41},"end":{"line":23,"column":null}},"line":17},"6":{"name":"(anonymous_6)","decl":{"start":{"line":32,"column":25},"end":{"line":32,"column":30}},"loc":{"start":{"line":33,"column":12},"end":{"line":33,"column":null}},"line":33},"7":{"name":"(anonymous_7)","decl":{"start":{"line":38,"column":24},"end":{"line":38,"column":28}},"loc":{"start":{"line":38,"column":33},"end":{"line":56,"column":null}},"line":38},"8":{"name":"(anonymous_8)","decl":{"start":{"line":41,"column":40},"end":{"line":41,"column":55}},"loc":{"start":{"line":41,"column":55},"end":{"line":41,"column":90}},"line":41}},"branchMap":{"0":{"loc":{"start":{"line":18,"column":23},"end":{"line":18,"column":null}},"type":"binary-expr","locations":[{"start":{"line":18,"column":23},"end":{"line":18,"column":51}},{"start":{"line":18,"column":51},"end":{"line":18,"column":76}},{"start":{"line":18,"column":76},"end":{"line":18,"column":null}}],"line":18},"1":{"loc":{"start":{"line":20,"column":14},"end":{"line":20,"column":null}},"type":"cond-expr","locations":[{"start":{"line":20,"column":27},"end":{"line":20,"column":33}},{"start":{"line":20,"column":33},"end":{"line":20,"column":null}}],"line":20},"2":{"loc":{"start":{"line":21,"column":13},"end":{"line":21,"column":null}},"type":"cond-expr","locations":[{"start":{"line":21,"column":26},"end":{"line":21,"column":43}},{"start":{"line":21,"column":43},"end":{"line":21,"column":null}}],"line":21},"3":{"loc":{"start":{"line":22,"column":10},"end":{"line":22,"column":null}},"type":"cond-expr","locations":[{"start":{"line":22,"column":23},"end":{"line":22,"column":37}},{"start":{"line":22,"column":37},"end":{"line":22,"column":null}}],"line":22},"4":{"loc":{"start":{"line":30,"column":7},"end":{"line":58,"column":null}},"type":"cond-expr","locations":[{"start":{"line":31,"column":8},"end":{"line":37,"column":9}},{"start":{"line":37,"column":8},"end":{"line":58,"column":null}}],"line":30},"5":{"loc":{"start":{"line":38,"column":12},"end":{"line":38,"column":22}},"type":"binary-expr","locations":[{"start":{"line":38,"column":12},"end":{"line":38,"column":20}},{"start":{"line":38,"column":20},"end":{"line":38,"column":22}}],"line":38},"6":{"loc":{"start":{"line":47,"column":77},"end":{"line":47,"column":105}},"type":"binary-expr","locations":[{"start":{"line":47,"column":77},"end":{"line":47,"column":94}},{"start":{"line":47,"column":94},"end":{"line":47,"column":105}}],"line":47},"7":{"loc":{"start":{"line":56,"column":12},"end":{"line":58,"column":null}},"type":"binary-expr","locations":[{"start":{"line":57,"column":12},"end":{"line":57,"column":21}},{"start":{"line":57,"column":21},"end":{"line":57,"column":null}},{"start":{"line":58,"column":12},"end":{"line":58,"column":null}}],"line":56}},"s":{"0":4,"1":4,"2":2,"3":2,"4":4,"5":3,"6":4,"7":3,"8":4,"9":3,"10":3,"11":4,"12":16,"13":3,"14":3,"15":0},"f":{"0":4,"1":2,"2":2,"3":3,"4":3,"5":3,"6":16,"7":3,"8":0},"b":{"0":[3,2,1],"1":[2,1],"2":[2,1],"3":[2,1],"4":[2,2],"5":[2,0],"6":[3,0],"7":[2,2,1]},"meta":{"lastBranch":8,"lastFunction":9,"lastStatement":16,"seen":{"f:6:16:6:30":0,"s:7:8:7:32":0,"s:9:16:12:4":1,"f:11:4:11:19":1,"s:11:19:11:Infinity":2,"f:11:52:11:57":2,"s:11:62:11:Infinity":3,"s:14:8:14:84":4,"f:14:8:14:15":3,"s:14:29:14:84":5,"s:15:8:15:125":6,"f:15:8:15:19":4,"s:15:33:15:125":7,"s:17:8:23:Infinity":8,"f:17:8:17:22":5,"s:18:23:18:Infinity":9,"b:18:23:18:51:18:51:18:76:18:76:18:Infinity":0,"s:19:4:23:Infinity":10,"b:20:27:20:33:20:33:20:Infinity":1,"b:21:26:21:43:21:43:21:Infinity":2,"b:22:23:22:37:22:37:22:Infinity":3,"s:26:2:58:Infinity":11,"b:31:8:37:9:37:8:58:Infinity":4,"f:32:25:32:30":6,"s:33:12:33:Infinity":12,"b:38:12:38:20:38:20:38:22":5,"f:38:24:38:28":7,"s:39:22:39:35":13,"s:40:12:54:Infinity":14,"f:41:40:41:55":8,"s:41:55:41:90":15,"b:47:77:47:94:47:94:47:105":6,"b:57:12:57:21:57:21:57:Infinity:58:12:58:Infinity":7}}}
,"/mnt/storage/Software-Projects/wallet-app/src/pages/HomePage.tsx": {"path":"/mnt/storage/Software-Projects/wallet-app/src/pages/HomePage.tsx","statementMap":{"0":{"start":{"line":10,"column":8},"end":{"line":10,"column":32}},"1":{"start":{"line":11,"column":10},"end":{"line":11,"column":32}},"2":{"start":{"line":12,"column":22},"end":{"line":12,"column":54}},"3":{"start":{"line":14,"column":24},"end":{"line":18,"column":4}},"4":{"start":{"line":16,"column":19},"end":{"line":16,"column":63}},"5":{"start":{"line":16,"column":51},"end":{"line":16,"column":63}},"6":{"start":{"line":20,"column":16},"end":{"line":23,"column":4}},"7":{"start":{"line":22,"column":19},"end":{"line":22,"column":null}},"8":{"start":{"line":22,"column":61},"end":{"line":22,"column":null}},"9":{"start":{"line":25,"column":8},"end":{"line":25,"column":84}},"10":{"start":{"line":25,"column":29},"end":{"line":25,"column":84}},"11":{"start":{"line":26,"column":8},"end":{"line":26,"column":108}},"12":{"start":{"line":26,"column":33},"end":{"line":26,"column":108}},"13":{"start":{"line":28,"column":8},"end":{"line":31,"column":null}},"14":{"start":{"line":29,"column":4},"end":{"line":29,"column":null}},"15":{"start":{"line":29,"column":48},"end":{"line":29,"column":null}},"16":{"start":{"line":30,"column":4},"end":{"line":30,"column":null}},"17":{"start":{"line":30,"column":33},"end":{"line":30,"column":null}},"18":{"start":{"line":31,"column":4},"end":{"line":31,"column":null}},"19":{"start":{"line":34,"column":2},"end":{"line":111,"column":null}},"20":{"start":{"line":50,"column":33},"end":{"line":50,"column":61}},"21":{"start":{"line":69,"column":12},"end":{"line":75,"column":null}},"22":{"start":{"line":69,"column":47},"end":{"line":69,"column":61}},"23":{"start":{"line":84,"column":33},"end":{"line":84,"column":53}},"24":{"start":{"line":89,"column":38},"end":{"line":89,"column":48}},"25":{"start":{"line":90,"column":12},"end":{"line":103,"column":null}},"26":{"start":{"line":91,"column":55},"end":{"line":91,"column":90}}},"fnMap":{"0":{"name":"HomePage","decl":{"start":{"line":9,"column":16},"end":{"line":9,"column":27}},"loc":{"start":{"line":9,"column":27},"end":{"line":111,"column":null}},"line":9},"1":{"name":"(anonymous_1)","decl":{"start":{"line":16,"column":4},"end":{"line":16,"column":19}},"loc":{"start":{"line":16,"column":19},"end":{"line":16,"column":63}},"line":16},"2":{"name":"(anonymous_2)","decl":{"start":{"line":16,"column":41},"end":{"line":16,"column":46}},"loc":{"start":{"line":16,"column":51},"end":{"line":16,"column":63}},"line":16},"3":{"name":"(anonymous_3)","decl":{"start":{"line":22,"column":4},"end":{"line":22,"column":19}},"loc":{"start":{"line":22,"column":19},"end":{"line":22,"column":null}},"line":22},"4":{"name":"(anonymous_4)","decl":{"start":{"line":22,"column":51},"end":{"line":22,"column":56}},"loc":{"start":{"line":22,"column":61},"end":{"line":22,"column":null}},"line":22},"5":{"name":"(anonymous_5)","decl":{"start":{"line":25,"column":8},"end":{"line":25,"column":15}},"loc":{"start":{"line":25,"column":29},"end":{"line":25,"column":84}},"line":25},"6":{"name":"(anonymous_6)","decl":{"start":{"line":26,"column":8},"end":{"line":26,"column":19}},"loc":{"start":{"line":26,"column":33},"end":{"line":26,"column":108}},"line":26},"7":{"name":"(anonymous_7)","decl":{"start":{"line":28,"column":8},"end":{"line":28,"column":19}},"loc":{"start":{"line":28,"column":38},"end":{"line":31,"column":null}},"line":28},"8":{"name":"(anonymous_8)","decl":{"start":{"line":50,"column":18},"end":{"line":50,"column":33}},"loc":{"start":{"line":50,"column":33},"end":{"line":50,"column":61}},"line":50},"9":{"name":"(anonymous_9)","decl":{"start":{"line":68,"column":12},"end":{"line":68,"column":17}},"loc":{"start":{"line":69,"column":12},"end":{"line":75,"column":null}},"line":69},"10":{"name":"(anonymous_10)","decl":{"start":{"line":69,"column":32},"end":{"line":69,"column":47}},"loc":{"start":{"line":69,"column":47},"end":{"line":69,"column":61}},"line":69},"11":{"name":"(anonymous_11)","decl":{"start":{"line":84,"column":18},"end":{"line":84,"column":33}},"loc":{"start":{"line":84,"column":33},"end":{"line":84,"column":53}},"line":84},"12":{"name":"(anonymous_12)","decl":{"start":{"line":88,"column":24},"end":{"line":88,"column":28}},"loc":{"start":{"line":88,"column":33},"end":{"line":105,"column":null}},"line":88},"13":{"name":"(anonymous_13)","decl":{"start":{"line":91,"column":40},"end":{"line":91,"column":55}},"loc":{"start":{"line":91,"column":55},"end":{"line":91,"column":90}},"line":91}},"branchMap":{"0":{"loc":{"start":{"line":29,"column":4},"end":{"line":29,"column":null}},"type":"if","locations":[{"start":{"line":29,"column":4},"end":{"line":29,"column":null}},{"start":{},"end":{}}],"line":29},"1":{"loc":{"start":{"line":29,"column":8},"end":{"line":29,"column":48}},"type":"binary-expr","locations":[{"start":{"line":29,"column":8},"end":{"line":29,"column":33}},{"start":{"line":29,"column":33},"end":{"line":29,"column":48}}],"line":29},"2":{"loc":{"start":{"line":30,"column":4},"end":{"line":30,"column":null}},"type":"if","locations":[{"start":{"line":30,"column":4},"end":{"line":30,"column":null}},{"start":{},"end":{}}],"line":30},"3":{"loc":{"start":{"line":38,"column":55},"end":{"line":38,"column":null}},"type":"binary-expr","locations":[{"start":{"line":38,"column":55},"end":{"line":38,"column":82}},{"start":{"line":38,"column":82},"end":{"line":38,"column":null}}],"line":38},"4":{"loc":{"start":{"line":42,"column":13},"end":{"line":49,"column":null}},"type":"cond-expr","locations":[{"start":{"line":43,"column":14},"end":{"line":45,"column":15}},{"start":{"line":45,"column":14},"end":{"line":49,"column":null}}],"line":42},"5":{"loc":{"start":{"line":46,"column":17},"end":{"line":46,"column":null}},"type":"cond-expr","locations":[{"start":{"line":46,"column":31},"end":{"line":46,"column":68}},{"start":{"line":46,"column":68},"end":{"line":46,"column":null}}],"line":46},"6":{"loc":{"start":{"line":46,"column":42},"end":{"line":46,"column":63}},"type":"binary-expr","locations":[{"start":{"line":46,"column":42},"end":{"line":46,"column":61}},{"start":{"line":46,"column":61},"end":{"line":46,"column":63}}],"line":46},"7":{"loc":{"start":{"line":51,"column":13},"end":{"line":51,"column":null}},"type":"cond-expr","locations":[{"start":{"line":51,"column":27},"end":{"line":51,"column":51}},{"start":{"line":51,"column":50},"end":{"line":51,"column":null}}],"line":51},"8":{"loc":{"start":{"line":54,"column":9},"end":{"line":56,"column":null}},"type":"binary-expr","locations":[{"start":{"line":54,"column":9},"end":{"line":54,"column":null}},{"start":{"line":55,"column":10},"end":{"line":56,"column":null}}],"line":54},"9":{"loc":{"start":{"line":88,"column":12},"end":{"line":88,"column":22}},"type":"binary-expr","locations":[{"start":{"line":88,"column":12},"end":{"line":88,"column":20}},{"start":{"line":88,"column":20},"end":{"line":88,"column":22}}],"line":88},"10":{"loc":{"start":{"line":97,"column":77},"end":{"line":97,"column":105}},"type":"binary-expr","locations":[{"start":{"line":97,"column":77},"end":{"line":97,"column":94}},{"start":{"line":97,"column":94},"end":{"line":97,"column":105}}],"line":97},"11":{"loc":{"start":{"line":105,"column":12},"end":{"line":107,"column":null}},"type":"binary-expr","locations":[{"start":{"line":106,"column":12},"end":{"line":106,"column":21}},{"start":{"line":106,"column":21},"end":{"line":106,"column":null}},{"start":{"line":107,"column":12},"end":{"line":107,"column":null}}],"line":105}},"s":{"0":8,"1":8,"2":8,"3":8,"4":3,"5":3,"6":8,"7":3,"8":3,"9":8,"10":29,"11":8,"12":15,"13":8,"14":15,"15":5,"16":10,"17":10,"18":5,"19":8,"20":2,"21":24,"22":0,"23":0,"24":15,"25":15,"26":0},"f":{"0":8,"1":3,"2":3,"3":3,"4":3,"5":29,"6":15,"7":15,"8":2,"9":24,"10":0,"11":0,"12":15,"13":0},"b":{"0":[5,10],"1":[15,5],"2":[5,5],"3":[8,0],"4":[3,5],"5":[4,1],"6":[4,0],"7":[7,1],"8":[8,5],"9":[8,3],"10":[15,0],"11":[8,5,3]},"meta":{"lastBranch":12,"lastFunction":14,"lastStatement":27,"seen":{"f:9:16:9:27":0,"s:10:8:10:32":0,"s:11:10:11:32":1,"s:12:22:12:54":2,"s:14:24:18:4":3,"f:16:4:16:19":1,"s:16:19:16:63":4,"f:16:41:16:46":2,"s:16:51:16:63":5,"s:20:16:23:4":6,"f:22:4:22:19":3,"s:22:19:22:Infinity":7,"f:22:51:22:56":4,"s:22:61:22:Infinity":8,"s:25:8:25:84":9,"f:25:8:25:15":5,"s:25:29:25:84":10,"s:26:8:26:108":11,"f:26:8:26:19":6,"s:26:33:26:108":12,"s:28:8:31:Infinity":13,"f:28:8:28:19":7,"b:29:4:29:Infinity:undefined:undefined:undefined:undefined":0,"s:29:4:29:Infinity":14,"b:29:8:29:33:29:33:29:48":1,"s:29:48:29:Infinity":15,"b:30:4:30:Infinity:undefined:undefined:undefined:undefined":2,"s:30:4:30:Infinity":16,"s:30:33:30:Infinity":17,"s:31:4:31:Infinity":18,"s:34:2:111:Infinity":19,"b:38:55:38:82:38:82:38:Infinity":3,"b:43:14:45:15:45:14:49:Infinity":4,"b:46:31:46:68:46:68:46:Infinity":5,"b:46:42:46:61:46:61:46:63":6,"f:50:18:50:33":8,"s:50:33:50:61":20,"b:51:27:51:51:51:50:51:Infinity":7,"b:54:9:54:Infinity:55:10:56:Infinity":8,"f:68:12:68:17":9,"s:69:12:75:Infinity":21,"f:69:32:69:47":10,"s:69:47:69:61":22,"f:84:18:84:33":11,"s:84:33:84:53":23,"b:88:12:88:20:88:20:88:22":9,"f:88:24:88:28":12,"s:89:38:89:48":24,"s:90:12:103:Infinity":25,"f:91:40:91:55":13,"s:91:55:91:90":26,"b:97:77:97:94:97:94:97:105":10,"b:106:12:106:21:106:21:106:Infinity:107:12:107:Infinity":11}}}
,"/mnt/storage/Software-Projects/wallet-app/src/pages/LoginPage.tsx": {"path":"/mnt/storage/Software-Projects/wallet-app/src/pages/LoginPage.tsx","statementMap":{"0":{"start":{"line":8,"column":27},"end":{"line":8,"column":46}},"1":{"start":{"line":9,"column":8},"end":{"line":9,"column":32}},"2":{"start":{"line":10,"column":16},"end":{"line":10,"column":40}},"3":{"start":{"line":11,"column":19},"end":{"line":11,"column":46}},"4":{"start":{"line":12,"column":16},"end":{"line":12,"column":40}},"5":{"start":{"line":13,"column":18},"end":{"line":13,"column":47}},"6":{"start":{"line":15,"column":2},"end":{"line":15,"column":null}},"7":{"start":{"line":15,"column":23},"end":{"line":15,"column":null}},"8":{"start":{"line":17,"column":23},"end":{"line":29,"column":null}},"9":{"start":{"line":18,"column":4},"end":{"line":18,"column":null}},"10":{"start":{"line":19,"column":4},"end":{"line":19,"column":null}},"11":{"start":{"line":20,"column":4},"end":{"line":20,"column":null}},"12":{"start":{"line":21,"column":4},"end":{"line":29,"column":null}},"13":{"start":{"line":22,"column":18},"end":{"line":22,"column":54}},"14":{"start":{"line":23,"column":16},"end":{"line":23,"column":null}},"15":{"start":{"line":24,"column":6},"end":{"line":24,"column":null}},"16":{"start":{"line":25,"column":6},"end":{"line":25,"column":null}},"17":{"start":{"line":27,"column":6},"end":{"line":27,"column":null}},"18":{"start":{"line":29,"column":6},"end":{"line":29,"column":null}},"19":{"start":{"line":33,"column":2},"end":{"line":60,"column":null}},"20":{"start":{"line":50,"column":59},"end":{"line":50,"column":83}},"21":{"start":{"line":52,"column":65},"end":{"line":52,"column":92}}},"fnMap":{"0":{"name":"LoginPage","decl":{"start":{"line":7,"column":16},"end":{"line":7,"column":28}},"loc":{"start":{"line":7,"column":28},"end":{"line":60,"column":null}},"line":7},"1":{"name":"(anonymous_1)","decl":{"start":{"line":17,"column":23},"end":{"line":17,"column":30}},"loc":{"start":{"line":17,"column":53},"end":{"line":29,"column":null}},"line":17},"2":{"name":"(anonymous_2)","decl":{"start":{"line":50,"column":44},"end":{"line":50,"column":54}},"loc":{"start":{"line":50,"column":59},"end":{"line":50,"column":83}},"line":50},"3":{"name":"(anonymous_3)","decl":{"start":{"line":52,"column":50},"end":{"line":52,"column":60}},"loc":{"start":{"line":52,"column":65},"end":{"line":52,"column":92}},"line":52}},"branchMap":{"0":{"loc":{"start":{"line":15,"column":2},"end":{"line":15,"column":null}},"type":"if","locations":[{"start":{"line":15,"column":2},"end":{"line":15,"column":null}},{"start":{},"end":{}}],"line":15},"1":{"loc":{"start":{"line":45,"column":11},"end":{"line":47,"column":null}},"type":"binary-expr","locations":[{"start":{"line":45,"column":11},"end":{"line":45,"column":null}},{"start":{"line":46,"column":12},"end":{"line":47,"column":null}}],"line":45},"2":{"loc":{"start":{"line":56,"column":13},"end":{"line":56,"column":null}},"type":"cond-expr","locations":[{"start":{"line":56,"column":23},"end":{"line":56,"column":41}},{"start":{"line":56,"column":41},"end":{"line":56,"column":null}}],"line":56}},"s":{"0":88,"1":88,"2":88,"3":88,"4":88,"5":88,"6":88,"7":1,"8":87,"9":4,"10":4,"11":4,"12":4,"13":4,"14":2,"15":2,"16":2,"17":2,"18":4,"19":87,"20":48,"21":27},"f":{"0":88,"1":4,"2":48,"3":27},"b":{"0":[1,87],"1":[87,2],"2":[4,83]},"meta":{"lastBranch":3,"lastFunction":4,"lastStatement":22,"seen":{"f:7:16:7:28":0,"s:8:27:8:46":0,"s:9:8:9:32":1,"s:10:16:10:40":2,"s:11:19:11:46":3,"s:12:16:12:40":4,"s:13:18:13:47":5,"b:15:2:15:Infinity:undefined:undefined:undefined:undefined":0,"s:15:2:15:Infinity":6,"s:15:23:15:Infinity":7,"s:17:23:29:Infinity":8,"f:17:23:17:30":1,"s:18:4:18:Infinity":9,"s:19:4:19:Infinity":10,"s:20:4:20:Infinity":11,"s:21:4:29:Infinity":12,"s:22:18:22:54":13,"s:23:16:23:Infinity":14,"s:24:6:24:Infinity":15,"s:25:6:25:Infinity":16,"s:27:6:27:Infinity":17,"s:29:6:29:Infinity":18,"s:33:2:60:Infinity":19,"b:45:11:45:Infinity:46:12:47:Infinity":1,"f:50:44:50:54":2,"s:50:59:50:83":20,"f:52:50:52:60":3,"s:52:65:52:92":21,"b:56:23:56:41:56:41:56:Infinity":2}}}
,"/mnt/storage/Software-Projects/wallet-app/src/pages/ProfilePage.tsx": {"path":"/mnt/storage/Software-Projects/wallet-app/src/pages/ProfilePage.tsx","statementMap":{"0":{"start":{"line":7,"column":27},"end":{"line":7,"column":47}},"1":{"start":{"line":9,"column":16},"end":{"line":12,"column":4}},"2":{"start":{"line":11,"column":19},"end":{"line":11,"column":null}},"3":{"start":{"line":11,"column":51},"end":{"line":11,"column":null}},"4":{"start":{"line":14,"column":8},"end":{"line":14,"column":null}},"5":{"start":{"line":14,"column":29},"end":{"line":14,"column":null}},"6":{"start":{"line":16,"column":2},"end":{"line":58,"column":null}}},"fnMap":{"0":{"name":"ProfilePage","decl":{"start":{"line":6,"column":16},"end":{"line":6,"column":30}},"loc":{"start":{"line":6,"column":30},"end":{"line":58,"column":null}},"line":6},"1":{"name":"(anonymous_1)","decl":{"start":{"line":11,"column":4},"end":{"line":11,"column":19}},"loc":{"start":{"line":11,"column":19},"end":{"line":11,"column":null}},"line":11},"2":{"name":"(anonymous_2)","decl":{"start":{"line":11,"column":41},"end":{"line":11,"column":46}},"loc":{"start":{"line":11,"column":51},"end":{"line":11,"column":null}},"line":11},"3":{"name":"(anonymous_3)","decl":{"start":{"line":14,"column":8},"end":{"line":14,"column":15}},"loc":{"start":{"line":14,"column":29},"end":{"line":14,"column":null}},"line":14}},"branchMap":{"0":{"loc":{"start":{"line":36,"column":50},"end":{"line":36,"column":83}},"type":"binary-expr","locations":[{"start":{"line":36,"column":50},"end":{"line":36,"column":73}},{"start":{"line":36,"column":73},"end":{"line":36,"column":83}}],"line":36},"1":{"loc":{"start":{"line":43,"column":50},"end":{"line":43,"column":98}},"type":"cond-expr","locations":[{"start":{"line":43,"column":59},"end":{"line":43,"column":78}},{"start":{"line":43,"column":81},"end":{"line":43,"column":98}}],"line":43},"2":{"loc":{"start":{"line":50,"column":50},"end":{"line":50,"column":100}},"type":"cond-expr","locations":[{"start":{"line":50,"column":59},"end":{"line":50,"column":89}},{"start":{"line":50,"column":92},"end":{"line":50,"column":100}}],"line":50}},"s":{"0":5,"1":5,"2":2,"3":2,"4":5,"5":6,"6":5},"f":{"0":5,"1":2,"2":2,"3":6},"b":{"0":[5,2],"1":[3,2],"2":[3,2]},"meta":{"lastBranch":3,"lastFunction":4,"lastStatement":7,"seen":{"f:6:16:6:30":0,"s:7:27:7:47":0,"s:9:16:12:4":1,"f:11:4:11:19":1,"s:11:19:11:Infinity":2,"f:11:41:11:46":2,"s:11:51:11:Infinity":3,"s:14:8:14:Infinity":4,"f:14:8:14:15":3,"s:14:29:14:Infinity":5,"s:16:2:58:Infinity":6,"b:36:50:36:73:36:73:36:83":0,"b:43:59:43:78:43:81:43:98":1,"b:50:59:50:89:50:92:50:100":2}}}
,"/mnt/storage/Software-Projects/wallet-app/src/pages/SendPage.tsx": {"path":"/mnt/storage/Software-Projects/wallet-app/src/pages/SendPage.tsx","statementMap":{"0":{"start":{"line":12,"column":8},"end":{"line":12,"column":32}},"1":{"start":{"line":13,"column":8},"end":{"line":13,"column":38}},"2":{"start":{"line":14,"column":15},"end":{"line":14,"column":49}},"3":{"start":{"line":15,"column":16},"end":{"line":15,"column":40}},"4":{"start":{"line":16,"column":17},"end":{"line":16,"column":42}},"5":{"start":{"line":17,"column":20},"end":{"line":17,"column":48}},"6":{"start":{"line":19,"column":8},"end":{"line":35,"column":4}},"7":{"start":{"line":20,"column":33},"end":{"line":23,"column":null}},"8":{"start":{"line":26,"column":6},"end":{"line":26,"column":null}},"9":{"start":{"line":27,"column":6},"end":{"line":27,"column":null}},"10":{"start":{"line":28,"column":6},"end":{"line":28,"column":null}},"11":{"start":{"line":29,"column":6},"end":{"line":29,"column":null}},"12":{"start":{"line":32,"column":6},"end":{"line":32,"column":null}},"13":{"start":{"line":33,"column":6},"end":{"line":33,"column":null}},"14":{"start":{"line":37,"column":8},"end":{"line":37,"column":84}},"15":{"start":{"line":37,"column":29},"end":{"line":37,"column":84}},"16":{"start":{"line":39,"column":2},"end":{"line":107,"column":null}},"17":{"start":{"line":42,"column":31},"end":{"line":42,"column":144}},"18":{"start":{"line":53,"column":57},"end":{"line":53,"column":81}},"19":{"start":{"line":56,"column":33},"end":{"line":56,"column":72}},"20":{"start":{"line":67,"column":61},"end":{"line":67,"column":86}},"21":{"start":{"line":70,"column":33},"end":{"line":70,"column":79}},"22":{"start":{"line":86,"column":33},"end":{"line":86,"column":47}},"23":{"start":{"line":93,"column":62},"end":{"line":93,"column":82}},"24":{"start":{"line":94,"column":26},"end":{"line":94,"column":44}},"25":{"start":{"line":105,"column":33},"end":{"line":105,"column":46}}},"fnMap":{"0":{"name":"SendPage","decl":{"start":{"line":11,"column":16},"end":{"line":11,"column":27}},"loc":{"start":{"line":11,"column":27},"end":{"line":107,"column":null}},"line":11},"1":{"name":"(anonymous_1)","decl":{"start":{"line":20,"column":4},"end":{"line":20,"column":17}},"loc":{"start":{"line":20,"column":33},"end":{"line":23,"column":null}},"line":20},"2":{"name":"(anonymous_2)","decl":{"start":{"line":25,"column":4},"end":{"line":25,"column":16}},"loc":{"start":{"line":25,"column":24},"end":{"line":29,"column":null}},"line":25},"3":{"name":"(anonymous_3)","decl":{"start":{"line":31,"column":4},"end":{"line":31,"column":14}},"loc":{"start":{"line":31,"column":27},"end":{"line":33,"column":null}},"line":31},"4":{"name":"(anonymous_4)","decl":{"start":{"line":37,"column":8},"end":{"line":37,"column":15}},"loc":{"start":{"line":37,"column":29},"end":{"line":37,"column":84}},"line":37},"5":{"name":"(anonymous_5)","decl":{"start":{"line":42,"column":16},"end":{"line":42,"column":31}},"loc":{"start":{"line":42,"column":31},"end":{"line":42,"column":144}},"line":42},"6":{"name":"(anonymous_6)","decl":{"start":{"line":53,"column":42},"end":{"line":53,"column":52}},"loc":{"start":{"line":53,"column":57},"end":{"line":53,"column":81}},"line":53},"7":{"name":"(anonymous_7)","decl":{"start":{"line":56,"column":18},"end":{"line":56,"column":33}},"loc":{"start":{"line":56,"column":33},"end":{"line":56,"column":72}},"line":56},"8":{"name":"(anonymous_8)","decl":{"start":{"line":67,"column":46},"end":{"line":67,"column":56}},"loc":{"start":{"line":67,"column":61},"end":{"line":67,"column":86}},"line":67},"9":{"name":"(anonymous_9)","decl":{"start":{"line":70,"column":18},"end":{"line":70,"column":33}},"loc":{"start":{"line":70,"column":33},"end":{"line":70,"column":79}},"line":70},"10":{"name":"(anonymous_10)","decl":{"start":{"line":86,"column":18},"end":{"line":86,"column":33}},"loc":{"start":{"line":86,"column":33},"end":{"line":86,"column":47}},"line":86},"11":{"name":"(anonymous_11)","decl":{"start":{"line":93,"column":43},"end":{"line":93,"column":55}},"loc":{"start":{"line":93,"column":62},"end":{"line":93,"column":82}},"line":93},"12":{"name":"(anonymous_12)","decl":{"start":{"line":94,"column":10},"end":{"line":94,"column":26}},"loc":{"start":{"line":94,"column":26},"end":{"line":94,"column":44}},"line":94},"13":{"name":"(anonymous_13)","decl":{"start":{"line":105,"column":18},"end":{"line":105,"column":33}},"loc":{"start":{"line":105,"column":33},"end":{"line":105,"column":46}},"line":105}},"branchMap":{"0":{"loc":{"start":{"line":21,"column":6},"end":{"line":21,"column":null}},"type":"cond-expr","locations":[{"start":{"line":21,"column":30},"end":{"line":21,"column":57}},{"start":{"line":21,"column":60},"end":{"line":21,"column":null}}],"line":21},"1":{"loc":{"start":{"line":32,"column":18},"end":{"line":32,"column":67}},"type":"binary-expr","locations":[{"start":{"line":32,"column":18},"end":{"line":32,"column":49}},{"start":{"line":32,"column":49},"end":{"line":32,"column":67}}],"line":32},"2":{"loc":{"start":{"line":41,"column":7},"end":{"line":44,"column":null}},"type":"binary-expr","locations":[{"start":{"line":41,"column":7},"end":{"line":41,"column":null}},{"start":{"line":42,"column":8},"end":{"line":44,"column":null}}],"line":41},"3":{"loc":{"start":{"line":42,"column":31},"end":{"line":42,"column":144}},"type":"cond-expr","locations":[{"start":{"line":42,"column":50},"end":{"line":42,"column":63}},{"start":{"line":42,"column":66},"end":{"line":42,"column":144}}],"line":42},"4":{"loc":{"start":{"line":42,"column":74},"end":{"line":42,"column":144}},"type":"cond-expr","locations":[{"start":{"line":42,"column":94},"end":{"line":42,"column":104}},{"start":{"line":42,"column":104},"end":{"line":42,"column":144}}],"line":42},"5":{"loc":{"start":{"line":42,"column":104},"end":{"line":42,"column":144}},"type":"cond-expr","locations":[{"start":{"line":42,"column":125},"end":{"line":42,"column":136}},{"start":{"line":42,"column":136},"end":{"line":42,"column":144}}],"line":42},"6":{"loc":{"start":{"line":44,"column":35},"end":{"line":44,"column":null}},"type":"cond-expr","locations":[{"start":{"line":44,"column":54},"end":{"line":44,"column":63}},{"start":{"line":44,"column":63},"end":{"line":44,"column":null}}],"line":44},"7":{"loc":{"start":{"line":50,"column":7},"end":{"line":60,"column":null}},"type":"binary-expr","locations":[{"start":{"line":50,"column":7},"end":{"line":50,"column":null}},{"start":{"line":51,"column":8},"end":{"line":60,"column":null}}],"line":50},"8":{"loc":{"start":{"line":56,"column":33},"end":{"line":56,"column":72}},"type":"binary-expr","locations":[{"start":{"line":56,"column":33},"end":{"line":56,"column":55}},{"start":{"line":56,"column":55},"end":{"line":56,"column":72}}],"line":56},"9":{"loc":{"start":{"line":63,"column":7},"end":{"line":74,"column":null}},"type":"binary-expr","locations":[{"start":{"line":63,"column":7},"end":{"line":63,"column":null}},{"start":{"line":64,"column":8},"end":{"line":74,"column":null}}],"line":63},"10":{"loc":{"start":{"line":70,"column":33},"end":{"line":70,"column":79}},"type":"binary-expr","locations":[{"start":{"line":70,"column":33},"end":{"line":70,"column":61}},{"start":{"line":70,"column":61},"end":{"line":70,"column":79}}],"line":70},"11":{"loc":{"start":{"line":70,"column":91},"end":{"line":70,"column":null}},"type":"binary-expr","locations":[{"start":{"line":70,"column":91},"end":{"line":70,"column":102}},{"start":{"line":70,"column":102},"end":{"line":70,"column":null}}],"line":70},"12":{"loc":{"start":{"line":77,"column":7},"end":{"line":88,"column":null}},"type":"binary-expr","locations":[{"start":{"line":77,"column":7},"end":{"line":77,"column":null}},{"start":{"line":78,"column":8},"end":{"line":88,"column":null}}],"line":77},"13":{"loc":{"start":{"line":92,"column":7},"end":{"line":94,"column":null}},"type":"binary-expr","locations":[{"start":{"line":92,"column":7},"end":{"line":92,"column":null}},{"start":{"line":93,"column":8},"end":{"line":94,"column":null}}],"line":92},"14":{"loc":{"start":{"line":97,"column":7},"end":{"line":107,"column":null}},"type":"binary-expr","locations":[{"start":{"line":97,"column":7},"end":{"line":97,"column":null}},{"start":{"line":98,"column":8},"end":{"line":107,"column":null}}],"line":97}},"s":{"0":114,"1":114,"2":114,"3":114,"4":114,"5":114,"6":114,"7":2,"8":1,"9":1,"10":1,"11":1,"12":1,"13":1,"14":114,"15":12,"16":114,"17":1,"18":70,"19":7,"20":18,"21":4,"22":2,"23":2,"24":0,"25":0},"f":{"0":114,"1":2,"2":1,"3":1,"4":12,"5":1,"6":70,"7":7,"8":18,"9":4,"10":2,"11":2,"12":0,"13":0},"b":{"0":[2,0],"1":[1,0],"2":[114,112],"3":[0,1],"4":[1,0],"5":[0,0],"6":[80,32],"7":[114,80],"8":[7,7],"9":[114,25],"10":[4,4],"11":[25,17],"12":[114,5],"13":[114,2],"14":[114,2]},"meta":{"lastBranch":15,"lastFunction":14,"lastStatement":26,"seen":{"f:11:16:11:27":0,"s:12:8:12:32":0,"s:13:8:13:38":1,"s:14:15:14:49":2,"s:15:16:15:40":3,"s:16:17:16:42":4,"s:17:20:17:48":5,"s:19:8:35:4":6,"f:20:4:20:17":1,"s:20:33:23:Infinity":7,"b:21:30:21:57:21:60:21:Infinity":0,"f:25:4:25:16":2,"s:26:6:26:Infinity":8,"s:27:6:27:Infinity":9,"s:28:6:28:Infinity":10,"s:29:6:29:Infinity":11,"f:31:4:31:14":3,"s:32:6:32:Infinity":12,"b:32:18:32:49:32:49:32:67":1,"s:33:6:33:Infinity":13,"s:37:8:37:84":14,"f:37:8:37:15":4,"s:37:29:37:84":15,"s:39:2:107:Infinity":16,"b:41:7:41:Infinity:42:8:44:Infinity":2,"f:42:16:42:31":5,"s:42:31:42:144":17,"b:42:50:42:63:42:66:42:144":3,"b:42:94:42:104:42:104:42:144":4,"b:42:125:42:136:42:136:42:144":5,"b:44:54:44:63:44:63:44:Infinity":6,"b:50:7:50:Infinity:51:8:60:Infinity":7,"f:53:42:53:52":6,"s:53:57:53:81":18,"f:56:18:56:33":7,"s:56:33:56:72":19,"b:56:33:56:55:56:55:56:72":8,"b:63:7:63:Infinity:64:8:74:Infinity":9,"f:67:46:67:56":8,"s:67:61:67:86":20,"f:70:18:70:33":9,"s:70:33:70:79":21,"b:70:33:70:61:70:61:70:79":10,"b:70:91:70:102:70:102:70:Infinity":11,"b:77:7:77:Infinity:78:8:88:Infinity":12,"f:86:18:86:33":10,"s:86:33:86:47":22,"b:92:7:92:Infinity:93:8:94:Infinity":13,"f:93:43:93:55":11,"s:93:62:93:82":23,"f:94:10:94:26":12,"s:94:26:94:44":24,"b:97:7:97:Infinity:98:8:107:Infinity":14,"f:105:18:105:33":13,"s:105:33:105:46":25}}}
,"/mnt/storage/Software-Projects/wallet-app/src/pages/WithdrawPage.tsx": {"path":"/mnt/storage/Software-Projects/wallet-app/src/pages/WithdrawPage.tsx","statementMap":{"0":{"start":{"line":10,"column":8},"end":{"line":10,"column":32}},"1":{"start":{"line":11,"column":8},"end":{"line":11,"column":38}},"2":{"start":{"line":12,"column":17},"end":{"line":12,"column":42}},"3":{"start":{"line":13,"column":18},"end":{"line":13,"column":47}},"4":{"start":{"line":14,"column":15},"end":{"line":14,"column":41}},"5":{"start":{"line":16,"column":8},"end":{"line":26,"column":4}},"6":{"start":{"line":17,"column":33},"end":{"line":17,"column":97}},"7":{"start":{"line":19,"column":6},"end":{"line":19,"column":null}},"8":{"start":{"line":20,"column":6},"end":{"line":20,"column":null}},"9":{"start":{"line":23,"column":6},"end":{"line":23,"column":null}},"10":{"start":{"line":24,"column":6},"end":{"line":24,"column":null}},"11":{"start":{"line":28,"column":8},"end":{"line":28,"column":84}},"12":{"start":{"line":28,"column":29},"end":{"line":28,"column":84}},"13":{"start":{"line":30,"column":2},"end":{"line":38,"column":null}},"14":{"start":{"line":31,"column":4},"end":{"line":38,"column":null}},"15":{"start":{"line":38,"column":31},"end":{"line":38,"column":44}},"16":{"start":{"line":43,"column":2},"end":{"line":57,"column":null}},"17":{"start":{"line":45,"column":29},"end":{"line":45,"column":42}},"18":{"start":{"line":50,"column":57},"end":{"line":50,"column":82}},"19":{"start":{"line":52,"column":29},"end":{"line":52,"column":45}},"20":{"start":{"line":56,"column":75},"end":{"line":56,"column":95}},"21":{"start":{"line":57,"column":24},"end":{"line":57,"column":41}}},"fnMap":{"0":{"name":"WithdrawPage","decl":{"start":{"line":9,"column":16},"end":{"line":9,"column":31}},"loc":{"start":{"line":9,"column":31},"end":{"line":57,"column":null}},"line":9},"1":{"name":"(anonymous_1)","decl":{"start":{"line":17,"column":4},"end":{"line":17,"column":17}},"loc":{"start":{"line":17,"column":33},"end":{"line":17,"column":97}},"line":17},"2":{"name":"(anonymous_2)","decl":{"start":{"line":18,"column":4},"end":{"line":18,"column":21}},"loc":{"start":{"line":18,"column":21},"end":{"line":20,"column":null}},"line":18},"3":{"name":"(anonymous_3)","decl":{"start":{"line":22,"column":4},"end":{"line":22,"column":14}},"loc":{"start":{"line":22,"column":27},"end":{"line":24,"column":null}},"line":22},"4":{"name":"(anonymous_4)","decl":{"start":{"line":28,"column":8},"end":{"line":28,"column":15}},"loc":{"start":{"line":28,"column":29},"end":{"line":28,"column":84}},"line":28},"5":{"name":"(anonymous_5)","decl":{"start":{"line":38,"column":16},"end":{"line":38,"column":31}},"loc":{"start":{"line":38,"column":31},"end":{"line":38,"column":44}},"line":38},"6":{"name":"(anonymous_6)","decl":{"start":{"line":45,"column":14},"end":{"line":45,"column":29}},"loc":{"start":{"line":45,"column":29},"end":{"line":45,"column":42}},"line":45},"7":{"name":"(anonymous_7)","decl":{"start":{"line":50,"column":42},"end":{"line":50,"column":52}},"loc":{"start":{"line":50,"column":57},"end":{"line":50,"column":82}},"line":50},"8":{"name":"(anonymous_8)","decl":{"start":{"line":52,"column":14},"end":{"line":52,"column":29}},"loc":{"start":{"line":52,"column":29},"end":{"line":52,"column":45}},"line":52},"9":{"name":"(anonymous_9)","decl":{"start":{"line":56,"column":56},"end":{"line":56,"column":68}},"loc":{"start":{"line":56,"column":75},"end":{"line":56,"column":95}},"line":56},"10":{"name":"(anonymous_10)","decl":{"start":{"line":57,"column":8},"end":{"line":57,"column":24}},"loc":{"start":{"line":57,"column":24},"end":{"line":57,"column":41}},"line":57}},"branchMap":{"0":{"loc":{"start":{"line":23,"column":18},"end":{"line":23,"column":69}},"type":"binary-expr","locations":[{"start":{"line":23,"column":18},"end":{"line":23,"column":49}},{"start":{"line":23,"column":49},"end":{"line":23,"column":69}}],"line":23},"1":{"loc":{"start":{"line":30,"column":2},"end":{"line":38,"column":null}},"type":"if","locations":[{"start":{"line":30,"column":2},"end":{"line":38,"column":null}},{"start":{},"end":{}}],"line":30},"2":{"loc":{"start":{"line":52,"column":57},"end":{"line":52,"column":null}},"type":"binary-expr","locations":[{"start":{"line":52,"column":57},"end":{"line":52,"column":68}},{"start":{"line":52,"column":68},"end":{"line":52,"column":null}}],"line":52},"3":{"loc":{"start":{"line":56,"column":7},"end":{"line":57,"column":null}},"type":"binary-expr","locations":[{"start":{"line":56,"column":7},"end":{"line":56,"column":18}},{"start":{"line":56,"column":18},"end":{"line":57,"column":null}}],"line":56}},"s":{"0":18,"1":18,"2":18,"3":18,"4":18,"5":18,"6":1,"7":1,"8":1,"9":0,"10":0,"11":18,"12":2,"13":18,"14":2,"15":0,"16":16,"17":0,"18":11,"19":2,"20":1,"21":0},"f":{"0":18,"1":1,"2":1,"3":0,"4":2,"5":0,"6":0,"7":11,"8":2,"9":1,"10":0},"b":{"0":[0,0],"1":[2,16],"2":[16,12],"3":[18,2]},"meta":{"lastBranch":4,"lastFunction":11,"lastStatement":22,"seen":{"f:9:16:9:31":0,"s:10:8:10:32":0,"s:11:8:11:38":1,"s:12:17:12:42":2,"s:13:18:13:47":3,"s:14:15:14:41":4,"s:16:8:26:4":5,"f:17:4:17:17":1,"s:17:33:17:97":6,"f:18:4:18:21":2,"s:19:6:19:Infinity":7,"s:20:6:20:Infinity":8,"f:22:4:22:14":3,"s:23:6:23:Infinity":9,"b:23:18:23:49:23:49:23:69":0,"s:24:6:24:Infinity":10,"s:28:8:28:84":11,"f:28:8:28:15":4,"s:28:29:28:84":12,"b:30:2:38:Infinity:undefined:undefined:undefined:undefined":1,"s:30:2:38:Infinity":13,"s:31:4:38:Infinity":14,"f:38:16:38:31":5,"s:38:31:38:44":15,"s:43:2:57:Infinity":16,"f:45:14:45:29":6,"s:45:29:45:42":17,"f:50:42:50:52":7,"s:50:57:50:82":18,"f:52:14:52:29":8,"s:52:29:52:45":19,"b:52:57:52:68:52:68:52:Infinity":2,"b:56:7:56:18:56:18:57:Infinity":3,"f:56:56:56:68":9,"s:56:75:56:95":20,"f:57:8:57:24":10,"s:57:24:57:41":21}}}
}
