TN:
SF:src/api/client.ts
FN:8,(anonymous_0)
FN:16,(anonymous_1)
FN:17,(anonymous_2)
FNF:3
FNH:3
FNDA:18,(anonymous_0)
FNDA:15,(anonymous_1)
FNDA:3,(anonymous_2)
DA:3,7
DA:8,7
DA:9,18
DA:10,18
DA:11,15
DA:13,18
DA:16,7
DA:17,15
DA:19,3
DA:20,2
DA:21,2
DA:23,3
LF:12
LH:12
BRDA:10,0,0,15
BRDA:10,0,1,3
BRDA:19,1,0,2
BRDA:19,1,1,1
BRDA:19,2,0,3
BRDA:19,2,1,1
BRF:6
BRH:6
end_of_record
TN:
SF:src/api/wallet.ts
FN:5,(anonymous_0)
FN:8,(anonymous_1)
FN:13,(anonymous_2)
FN:15,(anonymous_3)
FN:18,(anonymous_4)
FN:21,(anonymous_5)
FN:24,(anonymous_6)
FN:27,(anonymous_7)
FNF:8
FNH:6
FNDA:4,(anonymous_0)
FNDA:0,(anonymous_1)
FNDA:5,(anonymous_2)
FNDA:1,(anonymous_3)
FNDA:1,(anonymous_4)
FNDA:2,(anonymous_5)
FNDA:5,(anonymous_6)
FNDA:0,(anonymous_7)
DA:4,7
DA:6,4
DA:9,0
DA:12,7
DA:13,5
DA:16,1
DA:19,1
DA:22,2
DA:25,5
DA:28,0
LF:10
LH:8
BRDA:24,0,0,5
BRDA:24,1,0,5
BRF:2
BRH:2
end_of_record
TN:
SF:src/components/PinPad.tsx
FN:11,PinPad
FN:14,(anonymous_1)
FN:24,(anonymous_2)
FN:24,(anonymous_3)
FN:32,(anonymous_4)
FN:41,(anonymous_5)
FN:42,(anonymous_6)
FN:48,(anonymous_7)
FNF:8
FNH:7
FNDA:34,PinPad
FNDA:24,(anonymous_1)
FNDA:1,(anonymous_2)
FNDA:1,(anonymous_3)
FNDA:136,(anonymous_4)
FNDA:297,(anonymous_5)
FNDA:24,(anonymous_6)
FNDA:0,(anonymous_7)
DA:12,34
DA:14,34
DA:15,24
DA:16,22
DA:17,22
DA:18,22
DA:19,5
DA:24,34
DA:26,34
DA:33,136
DA:42,297
DA:48,0
LF:12
LH:11
BRDA:15,0,0,22
BRDA:15,0,1,2
BRDA:18,1,0,5
BRDA:18,1,1,17
BRDA:33,2,0,54
BRDA:33,2,1,82
BRDA:37,3,0,1
BRDA:37,3,1,33
BRF:8
BRH:8
end_of_record
TN:
SF:src/context/AuthContext.tsx
FN:16,AuthProvider
FN:17,(anonymous_1)
FN:23,(anonymous_2)
FN:30,(anonymous_3)
FN:42,useAuth
FNF:5
FNH:5
FNDA:30,AuthProvider
FNDA:28,(anonymous_1)
FNDA:2,(anonymous_2)
FNDA:1,(anonymous_3)
FNDA:101,useAuth
DA:14,7
DA:17,30
DA:23,30
DA:24,2
DA:25,2
DA:26,2
DA:27,2
DA:30,30
DA:31,1
DA:32,1
DA:35,30
DA:43,101
DA:44,101
DA:45,101
LF:14
LH:14
BRDA:44,0,0,0
BRDA:44,0,1,101
BRF:2
BRH:1
end_of_record
TN:
SF:src/pages/DepositPage.tsx
FN:8,DepositPage
FN:15,(anonymous_1)
FN:16,(anonymous_2)
FN:20,(anonymous_3)
FN:23,(anonymous_4)
FN:33,(anonymous_5)
FN:40,(anonymous_6)
FN:45,(anonymous_7)
FN:48,(anonymous_8)
FN:49,(anonymous_9)
FN:53,(anonymous_10)
FNF:11
FNH:8
FNDA:8,DepositPage
FNDA:1,(anonymous_1)
FNDA:1,(anonymous_2)
FNDA:0,(anonymous_3)
FNDA:2,(anonymous_4)
FNDA:0,(anonymous_5)
FNDA:0,(anonymous_6)
FNDA:1,(anonymous_7)
FNDA:24,(anonymous_8)
FNDA:2,(anonymous_9)
FNDA:1,(anonymous_10)
DA:9,8
DA:10,8
DA:11,8
DA:12,8
DA:14,8
DA:15,1
DA:17,1
DA:18,1
DA:20,0
DA:23,8
DA:25,8
DA:26,2
DA:33,0
DA:38,6
DA:40,0
DA:45,1
DA:49,24
DA:53,1
LF:18
LH:15
BRDA:20,0,0,0
BRDA:20,0,1,0
BRDA:25,1,0,2
BRDA:25,1,1,6
BRDA:53,2,0,6
BRDA:53,2,1,3
BRDA:53,2,2,3
BRDA:55,3,0,0
BRDA:55,3,1,6
BRF:9
BRH:6
end_of_record
TN:
SF:src/pages/HistoryPage.tsx
FN:6,HistoryPage
FN:11,(anonymous_1)
FN:11,(anonymous_2)
FN:14,(anonymous_3)
FN:15,(anonymous_4)
FN:17,(anonymous_5)
FN:32,(anonymous_6)
FN:38,(anonymous_7)
FN:41,(anonymous_8)
FNF:9
FNH:8
FNDA:4,HistoryPage
FNDA:2,(anonymous_1)
FNDA:2,(anonymous_2)
FNDA:3,(anonymous_3)
FNDA:3,(anonymous_4)
FNDA:3,(anonymous_5)
FNDA:16,(anonymous_6)
FNDA:3,(anonymous_7)
FNDA:0,(anonymous_8)
DA:7,4
DA:9,4
DA:11,2
DA:14,4
DA:15,4
DA:17,4
DA:18,3
DA:19,3
DA:26,4
DA:33,16
DA:39,3
DA:40,3
DA:41,0
LF:13
LH:12
BRDA:18,0,0,3
BRDA:18,0,1,2
BRDA:18,0,2,1
BRDA:20,1,0,2
BRDA:20,1,1,1
BRDA:21,2,0,2
BRDA:21,2,1,1
BRDA:22,3,0,2
BRDA:22,3,1,1
BRDA:30,4,0,2
BRDA:30,4,1,2
BRDA:38,5,0,2
BRDA:38,5,1,0
BRDA:47,6,0,3
BRDA:47,6,1,0
BRDA:56,7,0,2
BRDA:56,7,1,2
BRDA:56,7,2,1
BRF:18
BRH:16
end_of_record
TN:
SF:src/pages/HomePage.tsx
FN:9,HomePage
FN:16,(anonymous_1)
FN:16,(anonymous_2)
FN:22,(anonymous_3)
FN:22,(anonymous_4)
FN:25,(anonymous_5)
FN:26,(anonymous_6)
FN:28,(anonymous_7)
FN:50,(anonymous_8)
FN:68,(anonymous_9)
FN:69,(anonymous_10)
FN:84,(anonymous_11)
FN:88,(anonymous_12)
FN:91,(anonymous_13)
FNF:14
FNH:11
FNDA:8,HomePage
FNDA:3,(anonymous_1)
FNDA:3,(anonymous_2)
FNDA:3,(anonymous_3)
FNDA:3,(anonymous_4)
FNDA:29,(anonymous_5)
FNDA:15,(anonymous_6)
FNDA:15,(anonymous_7)
FNDA:2,(anonymous_8)
FNDA:24,(anonymous_9)
FNDA:0,(anonymous_10)
FNDA:0,(anonymous_11)
FNDA:15,(anonymous_12)
FNDA:0,(anonymous_13)
DA:10,8
DA:11,8
DA:12,8
DA:14,8
DA:16,3
DA:20,8
DA:22,3
DA:25,29
DA:26,15
DA:28,8
DA:29,15
DA:30,10
DA:31,5
DA:34,8
DA:50,2
DA:69,24
DA:84,0
DA:89,15
DA:90,15
DA:91,0
LF:20
LH:18
BRDA:29,0,0,5
BRDA:29,0,1,10
BRDA:29,1,0,15
BRDA:29,1,1,5
BRDA:30,2,0,5
BRDA:30,2,1,5
BRDA:38,3,0,8
BRDA:38,3,1,0
BRDA:42,4,0,3
BRDA:42,4,1,5
BRDA:46,5,0,4
BRDA:46,5,1,1
BRDA:46,6,0,4
BRDA:46,6,1,0
BRDA:51,7,0,7
BRDA:51,7,1,1
BRDA:54,8,0,8
BRDA:54,8,1,5
BRDA:88,9,0,8
BRDA:88,9,1,3
BRDA:97,10,0,15
BRDA:97,10,1,0
BRDA:105,11,0,8
BRDA:105,11,1,5
BRDA:105,11,2,3
BRF:25
BRH:22
end_of_record
TN:
SF:src/pages/LoginPage.tsx
FN:7,LoginPage
FN:17,(anonymous_1)
FN:50,(anonymous_2)
FN:52,(anonymous_3)
FNF:4
FNH:4
FNDA:88,LoginPage
FNDA:4,(anonymous_1)
FNDA:48,(anonymous_2)
FNDA:27,(anonymous_3)
DA:8,88
DA:9,88
DA:10,88
DA:11,88
DA:12,88
DA:13,88
DA:15,88
DA:17,87
DA:18,4
DA:19,4
DA:20,4
DA:21,4
DA:22,4
DA:23,2
DA:24,2
DA:25,2
DA:27,2
DA:29,4
DA:33,87
DA:50,48
DA:52,27
LF:21
LH:21
BRDA:15,0,0,1
BRDA:15,0,1,87
BRDA:45,1,0,87
BRDA:45,1,1,2
BRDA:56,2,0,4
BRDA:56,2,1,83
BRF:6
BRH:6
end_of_record
TN:
SF:src/pages/ProfilePage.tsx
FN:6,ProfilePage
FN:11,(anonymous_1)
FN:11,(anonymous_2)
FN:14,(anonymous_3)
FNF:4
FNH:4
FNDA:5,ProfilePage
FNDA:2,(anonymous_1)
FNDA:2,(anonymous_2)
FNDA:6,(anonymous_3)
DA:7,5
DA:9,5
DA:11,2
DA:14,6
DA:16,5
LF:5
LH:5
BRDA:36,0,0,5
BRDA:36,0,1,2
BRDA:43,1,0,3
BRDA:43,1,1,2
BRDA:50,2,0,3
BRDA:50,2,1,2
BRF:6
BRH:6
end_of_record
TN:
SF:src/pages/SendPage.tsx
FN:11,SendPage
FN:20,(anonymous_1)
FN:25,(anonymous_2)
FN:31,(anonymous_3)
FN:37,(anonymous_4)
FN:42,(anonymous_5)
FN:53,(anonymous_6)
FN:56,(anonymous_7)
FN:67,(anonymous_8)
FN:70,(anonymous_9)
FN:86,(anonymous_10)
FN:93,(anonymous_11)
FN:94,(anonymous_12)
FN:105,(anonymous_13)
FNF:14
FNH:12
FNDA:114,SendPage
FNDA:2,(anonymous_1)
FNDA:1,(anonymous_2)
FNDA:1,(anonymous_3)
FNDA:12,(anonymous_4)
FNDA:1,(anonymous_5)
FNDA:70,(anonymous_6)
FNDA:7,(anonymous_7)
FNDA:18,(anonymous_8)
FNDA:4,(anonymous_9)
FNDA:2,(anonymous_10)
FNDA:2,(anonymous_11)
FNDA:0,(anonymous_12)
FNDA:0,(anonymous_13)
DA:12,114
DA:13,114
DA:14,114
DA:15,114
DA:16,114
DA:17,114
DA:19,114
DA:20,2
DA:26,1
DA:27,1
DA:28,1
DA:29,1
DA:32,1
DA:33,1
DA:37,114
DA:39,114
DA:42,1
DA:53,70
DA:56,7
DA:67,18
DA:70,4
DA:86,2
DA:93,2
DA:94,0
DA:105,0
LF:25
LH:23
BRDA:21,0,0,2
BRDA:21,0,1,0
BRDA:32,1,0,1
BRDA:32,1,1,0
BRDA:41,2,0,114
BRDA:41,2,1,112
BRDA:42,3,0,0
BRDA:42,3,1,1
BRDA:42,4,0,1
BRDA:42,4,1,0
BRDA:42,5,0,0
BRDA:42,5,1,0
BRDA:44,6,0,80
BRDA:44,6,1,32
BRDA:50,7,0,114
BRDA:50,7,1,80
BRDA:56,8,0,7
BRDA:56,8,1,7
BRDA:63,9,0,114
BRDA:63,9,1,25
BRDA:70,10,0,4
BRDA:70,10,1,4
BRDA:70,11,0,25
BRDA:70,11,1,17
BRDA:77,12,0,114
BRDA:77,12,1,5
BRDA:92,13,0,114
BRDA:92,13,1,2
BRDA:97,14,0,114
BRDA:97,14,1,2
BRF:30
BRH:24
end_of_record
TN:
SF:src/pages/WithdrawPage.tsx
FN:9,WithdrawPage
FN:17,(anonymous_1)
FN:18,(anonymous_2)
FN:22,(anonymous_3)
FN:28,(anonymous_4)
FN:38,(anonymous_5)
FN:45,(anonymous_6)
FN:50,(anonymous_7)
FN:52,(anonymous_8)
FN:56,(anonymous_9)
FN:57,(anonymous_10)
FNF:11
FNH:7
FNDA:18,WithdrawPage
FNDA:1,(anonymous_1)
FNDA:1,(anonymous_2)
FNDA:0,(anonymous_3)
FNDA:2,(anonymous_4)
FNDA:0,(anonymous_5)
FNDA:0,(anonymous_6)
FNDA:11,(anonymous_7)
FNDA:2,(anonymous_8)
FNDA:1,(anonymous_9)
FNDA:0,(anonymous_10)
DA:10,18
DA:11,18
DA:12,18
DA:13,18
DA:14,18
DA:16,18
DA:17,1
DA:19,1
DA:20,1
DA:23,0
DA:24,0
DA:28,18
DA:30,18
DA:31,2
DA:38,0
DA:43,16
DA:45,0
DA:50,11
DA:52,2
DA:56,1
DA:57,0
LF:21
LH:16
BRDA:23,0,0,0
BRDA:23,0,1,0
BRDA:30,1,0,2
BRDA:30,1,1,16
BRDA:52,2,0,16
BRDA:52,2,1,12
BRDA:56,3,0,18
BRDA:56,3,1,2
BRF:8
BRH:6
end_of_record
